2025-11-09T01:20:00.920+05:30  INFO 36736 --- [ReconsilationX] [main] o.b.r.ReconsilationXApplicationTests     : Starting ReconsilationXApplicationTests using Java 17.0.12 with PID 36736 (started by chamo in G:\workspace\ReconsilationX\backend)
2025-11-09T01:20:00.921+05:30  INFO 36736 --- [ReconsilationX] [main] o.b.r.ReconsilationXApplicationTests     : No active profile set, falling back to 1 default profile: "default"
2025-11-09T01:20:02.148+05:30  INFO 36736 --- [ReconsilationX] [main] .s.d.r.c.RepositoryConfigurationDelegate : Bootstrapping Spring Data JPA repositories in DEFAULT mode.
2025-11-09T01:20:02.261+05:30  INFO 36736 --- [ReconsilationX] [main] .s.d.r.c.RepositoryConfigurationDelegate : Finished Spring Data repository scanning in 107 ms. Found 10 JPA repository interfaces.
2025-11-09T01:20:02.915+05:30  INFO 36736 --- [ReconsilationX] [main] com.zaxxer.hikari.HikariDataSource       : Hikari - Starting...
2025-11-09T01:20:03.139+05:30  INFO 36736 --- [ReconsilationX] [main] com.zaxxer.hikari.pool.HikariPool        : Hikari - Added connection org.postgresql.jdbc.PgConnection@65db548
2025-11-09T01:20:03.140+05:30  INFO 36736 --- [ReconsilationX] [main] com.zaxxer.hikari.HikariDataSource       : Hikari - Start completed.
2025-11-09T01:20:03.183+05:30  INFO 36736 --- [ReconsilationX] [main] o.hibernate.jpa.internal.util.LogHelper  : HHH000204: Processing PersistenceUnitInfo [name: default]
2025-11-09T01:20:03.250+05:30  INFO 36736 --- [ReconsilationX] [main] org.hibernate.Version                    : HHH000412: Hibernate ORM core version 6.4.10.Final
2025-11-09T01:20:03.286+05:30  INFO 36736 --- [ReconsilationX] [main] o.h.c.internal.RegionFactoryInitiator    : HHH000026: Second-level cache disabled
2025-11-09T01:20:03.525+05:30  INFO 36736 --- [ReconsilationX] [main] o.s.o.j.p.SpringPersistenceUnitInfo      : No LoadTimeWeaver setup: ignoring JPA class transformer
2025-11-09T01:20:03.575+05:30  WARN 36736 --- [ReconsilationX] [main] org.hibernate.orm.deprecation            : HHH90000025: PostgreSQLDialect does not need to be specified explicitly using 'hibernate.dialect' (remove the property setting and it will be selected by default)
2025-11-09T01:20:04.672+05:30  INFO 36736 --- [ReconsilationX] [main] o.h.e.t.j.p.i.JtaPlatformInitiator       : HHH000489: No JTA platform available (set 'hibernate.transaction.jta.platform' to enable JTA platform integration)
2025-11-09T01:20:04.675+05:30  INFO 36736 --- [ReconsilationX] [main] j.LocalContainerEntityManagerFactoryBean : Initialized JPA EntityManagerFactory for persistence unit 'default'
2025-11-09T01:20:05.166+05:30  WARN 36736 --- [ReconsilationX] [main] JpaBaseConfiguration$JpaWebConfiguration : spring.jpa.open-in-view is enabled by default. Therefore, database queries may be performed during view rendering. Explicitly configure spring.jpa.open-in-view to disable this warning
2025-11-09T01:20:05.931+05:30  INFO 36736 --- [ReconsilationX] [main] o.s.b.a.e.web.EndpointLinksResolver      : Exposing 1 endpoint(s) beneath base path '/actuator'
2025-11-09T01:20:05.986+05:30  INFO 36736 --- [ReconsilationX] [main] o.s.s.web.DefaultSecurityFilterChain     : Will secure any request with [org.springframework.security.web.session.DisableEncodeUrlFilter@1da77a43, org.springframework.security.web.context.request.async.WebAsyncManagerIntegrationFilter@63604641, org.springframework.security.web.context.SecurityContextHolderFilter@196c8b93, org.springframework.security.web.header.HeaderWriterFilter@1ef6977b, org.springframework.web.filter.CorsFilter@1313dea8, org.springframework.security.web.authentication.logout.LogoutFilter@383c94ed, org.bytecub.reconsilationx.aUsrMgt.config.AuthenticationFilter@61a7930e, org.springframework.security.web.savedrequest.RequestCacheAwareFilter@34989ceb, org.springframework.security.web.servletapi.SecurityContextHolderAwareRequestFilter@4a03c4bc, org.springframework.security.web.authentication.AnonymousAuthenticationFilter@74bca236, org.springframework.security.web.session.SessionManagementFilter@d15f98a, org.springframework.security.web.access.ExceptionTranslationFilter@6ba3eee9, org.springframework.security.web.access.intercept.AuthorizationFilter@1802badc]
2025-11-09T01:20:06.541+05:30  INFO 36736 --- [ReconsilationX] [main] o.b.r.ReconsilationXApplicationTests     : Started ReconsilationXApplicationTests in 5.909 seconds (process running for 6.787)
2025-11-09T01:20:07.048+05:30  INFO 36736 --- [ReconsilationX] [SpringApplicationShutdownHook] j.LocalContainerEntityManagerFactoryBean : Closing JPA EntityManagerFactory for persistence unit 'default'
2025-11-09T01:20:07.051+05:30  INFO 36736 --- [ReconsilationX] [SpringApplicationShutdownHook] com.zaxxer.hikari.HikariDataSource       : Hikari - Shutdown initiated...
2025-11-09T01:20:07.052+05:30  INFO 36736 --- [ReconsilationX] [SpringApplicationShutdownHook] com.zaxxer.hikari.HikariDataSource       : Hikari - Shutdown completed.
2025-11-09T01:20:21.569+05:30  INFO 27916 --- [ReconsilationX] [main] o.b.r.ReconsilationXApplication          : Starting ReconsilationXApplication using Java 17.0.12 with PID 27916 (G:\workspace\ReconsilationX\backend\target\classes started by chamo in G:\workspace\ReconsilationX\backend)
2025-11-09T01:20:21.570+05:30  INFO 27916 --- [ReconsilationX] [main] o.b.r.ReconsilationXApplication          : No active profile set, falling back to 1 default profile: "default"
2025-11-09T01:20:22.362+05:30  INFO 27916 --- [ReconsilationX] [main] .s.d.r.c.RepositoryConfigurationDelegate : Bootstrapping Spring Data JPA repositories in DEFAULT mode.
2025-11-09T01:20:22.456+05:30  INFO 27916 --- [ReconsilationX] [main] .s.d.r.c.RepositoryConfigurationDelegate : Finished Spring Data repository scanning in 89 ms. Found 10 JPA repository interfaces.
2025-11-09T01:20:22.953+05:30  INFO 27916 --- [ReconsilationX] [main] o.s.b.w.embedded.tomcat.TomcatWebServer  : Tomcat initialized with port 8080 (http)
2025-11-09T01:20:22.966+05:30  INFO 27916 --- [ReconsilationX] [main] o.apache.catalina.core.StandardService   : Starting service [Tomcat]
2025-11-09T01:20:22.966+05:30  INFO 27916 --- [ReconsilationX] [main] o.apache.catalina.core.StandardEngine    : Starting Servlet engine: [Apache Tomcat/10.1.31]
2025-11-09T01:20:23.019+05:30  INFO 27916 --- [ReconsilationX] [main] o.a.c.c.C.[.[.[/api/v1/reconsilationx]   : Initializing Spring embedded WebApplicationContext
2025-11-09T01:20:23.020+05:30  INFO 27916 --- [ReconsilationX] [main] w.s.c.ServletWebServerApplicationContext : Root WebApplicationContext: initialization completed in 1422 ms
2025-11-09T01:20:23.205+05:30  INFO 27916 --- [ReconsilationX] [main] com.zaxxer.hikari.HikariDataSource       : Hikari - Starting...
2025-11-09T01:20:23.311+05:30  INFO 27916 --- [ReconsilationX] [main] com.zaxxer.hikari.pool.HikariPool        : Hikari - Added connection org.postgresql.jdbc.PgConnection@4f20b022
2025-11-09T01:20:23.313+05:30  INFO 27916 --- [ReconsilationX] [main] com.zaxxer.hikari.HikariDataSource       : Hikari - Start completed.
2025-11-09T01:20:23.340+05:30  INFO 27916 --- [ReconsilationX] [main] o.hibernate.jpa.internal.util.LogHelper  : HHH000204: Processing PersistenceUnitInfo [name: default]
2025-11-09T01:20:23.377+05:30  INFO 27916 --- [ReconsilationX] [main] org.hibernate.Version                    : HHH000412: Hibernate ORM core version 6.4.10.Final
2025-11-09T01:20:23.399+05:30  INFO 27916 --- [ReconsilationX] [main] o.h.c.internal.RegionFactoryInitiator    : HHH000026: Second-level cache disabled
2025-11-09T01:20:23.568+05:30  INFO 27916 --- [ReconsilationX] [main] o.s.o.j.p.SpringPersistenceUnitInfo      : No LoadTimeWeaver setup: ignoring JPA class transformer
2025-11-09T01:20:23.813+05:30  WARN 27916 --- [ReconsilationX] [main] org.hibernate.orm.deprecation            : HHH90000025: PostgreSQLDialect does not need to be specified explicitly using 'hibernate.dialect' (remove the property setting and it will be selected by default)
2025-11-09T01:20:24.726+05:30  INFO 27916 --- [ReconsilationX] [main] o.h.e.t.j.p.i.JtaPlatformInitiator       : HHH000489: No JTA platform available (set 'hibernate.transaction.jta.platform' to enable JTA platform integration)
2025-11-09T01:20:24.728+05:30  INFO 27916 --- [ReconsilationX] [main] j.LocalContainerEntityManagerFactoryBean : Initialized JPA EntityManagerFactory for persistence unit 'default'
2025-11-09T01:20:25.045+05:30  WARN 27916 --- [ReconsilationX] [main] JpaBaseConfiguration$JpaWebConfiguration : spring.jpa.open-in-view is enabled by default. Therefore, database queries may be performed during view rendering. Explicitly configure spring.jpa.open-in-view to disable this warning
2025-11-09T01:20:25.629+05:30  INFO 27916 --- [ReconsilationX] [main] o.s.b.a.e.web.EndpointLinksResolver      : Exposing 1 endpoint(s) beneath base path '/actuator'
2025-11-09T01:20:25.671+05:30  INFO 27916 --- [ReconsilationX] [main] o.s.s.web.DefaultSecurityFilterChain     : Will secure any request with [org.springframework.security.web.session.DisableEncodeUrlFilter@28f33810, org.springframework.security.web.context.request.async.WebAsyncManagerIntegrationFilter@476d5f2e, org.springframework.security.web.context.SecurityContextHolderFilter@3df88502, org.springframework.security.web.header.HeaderWriterFilter@1263664f, org.springframework.web.filter.CorsFilter@6e56f5d4, org.springframework.security.web.authentication.logout.LogoutFilter@22112da1, org.bytecub.reconsilationx.aUsrMgt.config.AuthenticationFilter@56957f08, org.springframework.security.web.savedrequest.RequestCacheAwareFilter@61defefb, org.springframework.security.web.servletapi.SecurityContextHolderAwareRequestFilter@2c75b0c8, org.springframework.security.web.authentication.AnonymousAuthenticationFilter@4750e942, org.springframework.security.web.session.SessionManagementFilter@4095ebff, org.springframework.security.web.access.ExceptionTranslationFilter@6b5ad1bb, org.springframework.security.web.access.intercept.AuthorizationFilter@380f9c1d]
2025-11-09T01:20:26.071+05:30  INFO 27916 --- [ReconsilationX] [main] o.s.b.w.embedded.tomcat.TomcatWebServer  : Tomcat started on port 8080 (http) with context path '/api/v1/reconsilationx'
2025-11-09T01:20:26.086+05:30  INFO 27916 --- [ReconsilationX] [main] o.b.r.ReconsilationXApplication          : Started ReconsilationXApplication in 4.829 seconds (process running for 5.328)
2025-11-09T01:20:26.318+05:30  INFO 27916 --- [ReconsilationX] [RMI TCP Connection(1)-192.168.1.2] o.a.c.c.C.[.[.[/api/v1/reconsilationx]   : Initializing Spring DispatcherServlet 'dispatcherServlet'
2025-11-09T01:20:26.318+05:30  INFO 27916 --- [ReconsilationX] [RMI TCP Connection(1)-192.168.1.2] o.s.web.servlet.DispatcherServlet        : Initializing Servlet 'dispatcherServlet'
2025-11-09T01:20:26.320+05:30  INFO 27916 --- [ReconsilationX] [RMI TCP Connection(1)-192.168.1.2] o.s.web.servlet.DispatcherServlet        : Completed initialization in 2 ms
2025-11-09T01:21:21.408+05:30  INFO 27916 --- [ReconsilationX] [http-nio-8080-exec-1] o.springdoc.api.AbstractOpenApiResource  : Init duration for springdoc-openapi is: 448 ms
2025-11-09T01:58:55.249+05:30  INFO 27916 --- [ReconsilationX] [SpringApplicationShutdownHook] j.LocalContainerEntityManagerFactoryBean : Closing JPA EntityManagerFactory for persistence unit 'default'
2025-11-09T01:58:55.250+05:30  INFO 27916 --- [ReconsilationX] [SpringApplicationShutdownHook] com.zaxxer.hikari.HikariDataSource       : Hikari - Shutdown initiated...
2025-11-09T01:58:55.252+05:30  INFO 27916 --- [ReconsilationX] [SpringApplicationShutdownHook] com.zaxxer.hikari.HikariDataSource       : Hikari - Shutdown completed.
